<?xml version="1.0" encoding="UTF-8"?>
<!-- Generated by org.testng.reporters.JUnitReportReporter -->
<testsuite hostname="Admin" failures="0" tests="4" name="com.java.utils.FormUtilsTest" time="0.716" errors="0" timestamp="2021-11-30T23:04:12 ICT" skipped="0">
  <testcase classname="com.java.utils.FormUtilsTest" name="getIntTest" time="0.003"/>
  <system-out/>
  <testcase classname="com.java.utils.FormUtilsTest" name="getStringTest_002" time="0.005"/>
  <system-out/>
  <testcase classname="com.java.utils.FormUtilsTest" name="getStringTest_001" time="0.006"/>
  <system-out/>
  <testcase classname="com.java.utils.FormUtilsTest" name="getBeanTest" time="0.702"/>
  <system-out/>
</testsuite> <!-- com.java.utils.FormUtilsTest -->
